[debug] [2022-03-19T20:07:22.325Z] ----------------------------------------------------------------------
[debug] [2022-03-19T20:07:22.328Z] Command:       /usr/bin/node /usr/bin/firebase functions:shell
[debug] [2022-03-19T20:07:22.328Z] CLI Version:   10.4.0
[debug] [2022-03-19T20:07:22.328Z] Platform:      linux
[debug] [2022-03-19T20:07:22.329Z] Node Version:  v14.19.0
[debug] [2022-03-19T20:07:22.329Z] Time:          Sat Mar 19 2022 23:07:22 GMT+0300 (East Africa Time)
[debug] [2022-03-19T20:07:22.329Z] ----------------------------------------------------------------------
[debug] 
[debug] [2022-03-19T20:07:22.437Z] > command requires scopes: ["email","openid","https://www.googleapis.com/auth/cloudplatformprojects.readonly","https://www.googleapis.com/auth/firebase","https://www.googleapis.com/auth/cloud-platform"]
[debug] [2022-03-19T20:07:22.437Z] > authorizing via signed-in user (jofonowino@gmail.com)
[debug] [2022-03-19T20:07:22.437Z] [iam] checking project bincard-kpcc for permissions ["firebase.projects.get"]
[debug] [2022-03-19T20:07:22.439Z] > refreshing access token with scopes: []
[debug] [2022-03-19T20:07:22.440Z] >>> HTTP REQUEST POST https://www.googleapis.com/oauth2/v3/token  
 <request body omitted>
[debug] [2022-03-19T20:07:23.483Z] <<< HTTP RESPONSE 200 {"pragma":"no-cache","cache-control":"no-cache, no-store, max-age=0, must-revalidate","date":"Sat, 19 Mar 2022 20:07:23 GMT","expires":"Mon, 01 Jan 1990 00:00:00 GMT","content-type":"application/json; charset=utf-8","vary":"X-Origin, Referer, Origin,Accept-Encoding","server":"scaffolding on HTTPServer2","x-xss-protection":"0","x-frame-options":"SAMEORIGIN","x-content-type-options":"nosniff","alt-svc":"h3=\":443\"; ma=2592000,h3-29=\":443\"; ma=2592000,h3-Q050=\":443\"; ma=2592000,h3-Q046=\":443\"; ma=2592000,h3-Q043=\":443\"; ma=2592000,quic=\":443\"; ma=2592000; v=\"46,43\"","accept-ranges":"none","transfer-encoding":"chunked"}
[debug] [2022-03-19T20:07:23.634Z] >>> [apiv2][query] POST https://cloudresourcemanager.googleapis.com/v1/projects/bincard-kpcc:testIamPermissions [none]
[debug] [2022-03-19T20:07:23.634Z] >>> [apiv2][body] POST https://cloudresourcemanager.googleapis.com/v1/projects/bincard-kpcc:testIamPermissions {"permissions":["firebase.projects.get"]}
[debug] [2022-03-19T20:07:25.635Z] <<< [apiv2][status] POST https://cloudresourcemanager.googleapis.com/v1/projects/bincard-kpcc:testIamPermissions 200
[debug] [2022-03-19T20:07:25.635Z] <<< [apiv2][body] POST https://cloudresourcemanager.googleapis.com/v1/projects/bincard-kpcc:testIamPermissions {"permissions":["firebase.projects.get"]}
[warn] ⚠  Your requested "node" version "16" doesn't match your global version "14". Using node@14 from host. {"metadata":{"emulator":{"name":"functions"},"message":"Your requested \"node\" version \"16\" doesn't match your global version \"14\". Using node@14 from host."}}
[debug] [2022-03-19T20:07:25.666Z] defaultcredentials: writing to file /home/philip/.config/firebase/jofonowino_gmail_com_application_default_credentials.json
[debug] [2022-03-19T20:07:25.669Z] DEBUG: Setting GAC to /home/philip/.config/firebase/jofonowino_gmail_com_application_default_credentials.json
[debug] [2022-03-19T20:07:25.670Z] >>> [apiv2][query] GET https://firebase.googleapis.com/v1beta1/projects/bincard-kpcc/adminSdkConfig [none]
[debug] [2022-03-19T20:07:26.428Z] <<< [apiv2][status] GET https://firebase.googleapis.com/v1beta1/projects/bincard-kpcc/adminSdkConfig 200
[debug] [2022-03-19T20:07:26.428Z] <<< [apiv2][body] GET https://firebase.googleapis.com/v1beta1/projects/bincard-kpcc/adminSdkConfig {"projectId":"bincard-kpcc","databaseURL":"https://bincard-kpcc.firebaseio.com","storageBucket":"bincard-kpcc.appspot.com","locationId":"us-central"}
[debug] [2022-03-19T20:07:26.543Z] [functions] Watching "/home/philip/Documents/kpcc-bincard/functions" for Cloud Functions...
[debug] [2022-03-19T20:07:26.548Z] Validating nodejs source
[debug] [2022-03-19T20:07:31.172Z] > [functions] package.json contents: {
  "name": "functions",
  "description": "Cloud Functions for Firebase",
  "scripts": {
    "serve": "firebase emulators:start --only functions",
    "shell": "firebase functions:shell",
    "start": "npm run shell",
    "deploy": "firebase deploy --only functions",
    "logs": "firebase functions:log"
  },
  "engines": {
    "node": "16"
  },
  "main": "index.js",
  "dependencies": {
    "body-parser": "^1.19.2",
    "dotenv": "^16.0.0",
    "firebase-admin": "^10.0.2",
    "firebase-functions": "^3.18.0",
    "googleapis": "^97.0.0",
    "mongoose": "^6.2.7"
  },
  "devDependencies": {
    "firebase-functions-test": "^0.2.0"
  },
  "private": true
}
[debug] [2022-03-19T20:07:31.173Z] Building nodejs source
[debug] [2022-03-19T20:07:31.173Z] Analyzing nodejs backend spec
